# JRE version: Java(TM) SE Runtime Environment (8.0_144-b01) (build 1.8.0_144-b01)
# Java VM: Java HotSpot(TM) 64-Bit Server VM (25.144-b01 mixed mode windows-amd64 compressed oops)
Heap:
 PSYoungGen      total 143872K, used 31909K [0x00000000d5f00000, 0x00000000e2f00000, 0x0000000100000000)
  eden space 132608K, 15% used [0x00000000d5f00000,0x00000000d732d2c0,0x00000000de080000)
  from space 11264K, 99% used [0x00000000de080000,0x00000000deb7c378,0x00000000deb80000)
  to   space 18944K, 0% used [0x00000000e1c80000,0x00000000e1c80000,0x00000000e2f00000)
 ParOldGen       total 66560K, used 31681K [0x0000000081c00000, 0x0000000085d00000, 0x00000000d5f00000)
  object space 66560K, 47% used [0x0000000081c00000,0x0000000083af0728,0x0000000085d00000)
 Metaspace       used 28558K, capacity 29358K, committed 29568K, reserved 1075200K
  class space    used 3276K, capacity 3444K, committed 3456K, reserved 1048576K
GC Heap History (10 events):
Event: 2.746 GC heap before
{Heap before GC invocations=6 (full 0):
 PSYoungGen      total 71680K, used 71656K [0x00000000d5f00000, 0x00000000df600000, 0x0000000100000000)
  eden space 66560K, 100% used [0x00000000d5f00000,0x00000000da000000,0x00000000da000000)
  from space 5120K, 99% used [0x00000000da000000,0x00000000da4fa060,0x00000000da500000)
  to   space 10752K, 0% used [0x00000000deb80000,0x00000000deb80000,0x00000000df600000)
 ParOldGen       total 87552K, used 12352K [0x0000000081c00000, 0x0000000087180000, 0x00000000d5f00000)
  object space 87552K, 14% used [0x0000000081c00000,0x0000000082810140,0x0000000087180000)
 Metaspace       used 18178K, capacity 18606K, committed 18688K, reserved 1064960K
  class space    used 2122K, capacity 2235K, committed 2304K, reserved 1048576K
Event: 2.755 GC heap after
Heap after GC invocations=6 (full 0):
 PSYoungGen      total 143360K, used 9103K [0x00000000d5f00000, 0x00000000df700000, 0x0000000100000000)
  eden space 132608K, 0% used [0x00000000d5f00000,0x00000000d5f00000,0x00000000de080000)
  from space 10752K, 84% used [0x00000000deb80000,0x00000000df463ff8,0x00000000df600000)
  to   space 11264K, 0% used [0x00000000de080000,0x00000000de080000,0x00000000deb80000)
 ParOldGen       total 87552K, used 12360K [0x0000000081c00000, 0x0000000087180000, 0x00000000d5f00000)
  object space 87552K, 14% used [0x0000000081c00000,0x0000000082812140,0x0000000087180000)
 Metaspace       used 18178K, capacity 18606K, committed 18688K, reserved 1064960K
  class space    used 2122K, capacity 2235K, committed 2304K, reserved 1048576K
}
Event: 2.873 GC heap before
{Heap before GC invocations=7 (full 0):
 PSYoungGen      total 143360K, used 22378K [0x00000000d5f00000, 0x00000000df700000, 0x0000000100000000)
  eden space 132608K, 10% used [0x00000000d5f00000,0x00000000d6bf6810,0x00000000de080000)
  from space 10752K, 84% used [0x00000000deb80000,0x00000000df463ff8,0x00000000df600000)
  to   space 11264K, 0% used [0x00000000de080000,0x00000000de080000,0x00000000deb80000)
 ParOldGen       total 87552K, used 12360K [0x0000000081c00000, 0x0000000087180000, 0x00000000d5f00000)
  object space 87552K, 14% used [0x0000000081c00000,0x0000000082812140,0x0000000087180000)
 Metaspace       used 20752K, capacity 21166K, committed 21296K, reserved 1069056K
  class space    used 2492K, capacity 2619K, committed 2688K, reserved 1048576K
Event: 2.884 GC heap after
Heap after GC invocations=7 (full 0):
 PSYoungGen      total 143872K, used 6544K [0x00000000d5f00000, 0x00000000df700000, 0x0000000100000000)
  eden space 132608K, 0% used [0x00000000d5f00000,0x00000000d5f00000,0x00000000de080000)
  from space 11264K, 58% used [0x00000000de080000,0x00000000de6e4050,0x00000000deb80000)
  to   space 10752K, 0% used [0x00000000deb80000,0x00000000deb80000,0x00000000df600000)
 ParOldGen       total 87552K, used 14228K [0x0000000081c00000, 0x0000000087180000, 0x00000000d5f00000)
  object space 87552K, 16% used [0x0000000081c00000,0x00000000829e5210,0x0000000087180000)
 Metaspace       used 20752K, capacity 21166K, committed 21296K, reserved 1069056K
  class space    used 2492K, capacity 2619K, committed 2688K, reserved 1048576K
}
Event: 2.884 GC heap before
{Heap before GC invocations=8 (full 1):
 PSYoungGen      total 143872K, used 6544K [0x00000000d5f00000, 0x00000000df700000, 0x0000000100000000)
  eden space 132608K, 0% used [0x00000000d5f00000,0x00000000d5f00000,0x00000000de080000)
  from space 11264K, 58% used [0x00000000de080000,0x00000000de6e4050,0x00000000deb80000)
  to   space 10752K, 0% used [0x00000000deb80000,0x00000000deb80000,0x00000000df600000)
 ParOldGen       total 87552K, used 14228K [0x0000000081c00000, 0x0000000087180000, 0x00000000d5f00000)
  object space 87552K, 16% used [0x0000000081c00000,0x00000000829e5210,0x0000000087180000)
 Metaspace       used 20752K, capacity 21166K, committed 21296K, reserved 1069056K
  class space    used 2492K, capacity 2619K, committed 2688K, reserved 1048576K
Event: 2.940 GC heap after
Heap after GC invocations=8 (full 1):
 PSYoungGen      total 143872K, used 0K [0x00000000d5f00000, 0x00000000df700000, 0x0000000100000000)
  eden space 132608K, 0% used [0x00000000d5f00000,0x00000000d5f00000,0x00000000de080000)
  from space 11264K, 0% used [0x00000000de080000,0x00000000de080000,0x00000000deb80000)
  to   space 10752K, 0% used [0x00000000deb80000,0x00000000deb80000,0x00000000df600000)
 ParOldGen       total 66560K, used 15430K [0x0000000081c00000, 0x0000000085d00000, 0x00000000d5f00000)
  object space 66560K, 23% used [0x0000000081c00000,0x0000000082b11b40,0x0000000085d00000)
 Metaspace       used 20752K, capacity 21166K, committed 21296K, reserved 1069056K
  class space    used 2492K, capacity 2619K, committed 2688K, reserved 1048576K
}
Event: 4.494 GC heap before
{Heap before GC invocations=9 (full 1):
 PSYoungGen      total 143872K, used 132608K [0x00000000d5f00000, 0x00000000df700000, 0x0000000100000000)
  eden space 132608K, 100% used [0x00000000d5f00000,0x00000000de080000,0x00000000de080000)
  from space 11264K, 0% used [0x00000000de080000,0x00000000de080000,0x00000000deb80000)
  to   space 10752K, 0% used [0x00000000deb80000,0x00000000deb80000,0x00000000df600000)
 ParOldGen       total 66560K, used 15430K [0x0000000081c00000, 0x0000000085d00000, 0x00000000d5f00000)
  object space 66560K, 23% used [0x0000000081c00000,0x0000000082b11b40,0x0000000085d00000)
 Metaspace       used 24580K, capacity 25156K, committed 25344K, reserved 1071104K
  class space    used 2863K, capacity 3009K, committed 3072K, reserved 1048576K
Event: 4.508 GC heap after
Heap after GC invocations=9 (full 1):
 PSYoungGen      total 143360K, used 10726K [0x00000000d5f00000, 0x00000000df700000, 0x0000000100000000)
  eden space 132608K, 0% used [0x00000000d5f00000,0x00000000d5f00000,0x00000000de080000)
  from space 10752K, 99% used [0x00000000deb80000,0x00000000df5f9888,0x00000000df600000)
  to   space 11264K, 0% used [0x00000000de080000,0x00000000de080000,0x00000000deb80000)
 ParOldGen       total 66560K, used 21395K [0x0000000081c00000, 0x0000000085d00000, 0x00000000d5f00000)
  object space 66560K, 32% used [0x0000000081c00000,0x00000000830e4df0,0x0000000085d00000)
 Metaspace       used 24580K, capacity 25156K, committed 25344K, reserved 1071104K
  class space    used 2863K, capacity 3009K, committed 3072K, reserved 1048576K
}
Event: 6.070 GC heap before
{Heap before GC invocations=10 (full 1):
 PSYoungGen      total 143360K, used 143334K [0x00000000d5f00000, 0x00000000df700000, 0x0000000100000000)
  eden space 132608K, 100% used [0x00000000d5f00000,0x00000000de080000,0x00000000de080000)
  from space 10752K, 99% used [0x00000000deb80000,0x00000000df5f9888,0x00000000df600000)
  to   space 11264K, 0% used [0x00000000de080000,0x00000000de080000,0x00000000deb80000)
 ParOldGen       total 66560K, used 21395K [0x0000000081c00000, 0x0000000085d00000, 0x00000000d5f00000)
  object space 66560K, 32% used [0x0000000081c00000,0x00000000830e4df0,0x0000000085d00000)
 Metaspace       used 27883K, capacity 28686K, committed 29056K, reserved 1075200K
  class space    used 3204K, capacity 3348K, committed 3456K, reserved 1048576K
Event: 6.085 GC heap after
Heap after GC invocations=10 (full 1):
 PSYoungGen      total 143872K, used 11248K [0x00000000d5f00000, 0x00000000e2f00000, 0x0000000100000000)
  eden space 132608K, 0% used [0x00000000d5f00000,0x00000000d5f00000,0x00000000de080000)
  from space 11264K, 99% used [0x00000000de080000,0x00000000deb7c378,0x00000000deb80000)
  to   space 18944K, 0% used [0x00000000e1c80000,0x00000000e1c80000,0x00000000e2f00000)
 ParOldGen       total 66560K, used 31681K [0x0000000081c00000, 0x0000000085d00000, 0x00000000d5f00000)
  object space 66560K, 47% used [0x0000000081c00000,0x0000000083af0728,0x0000000085d00000)
 Metaspace       used 27883K, capacity 28686K, committed 29056K, reserved 1075200K
  class space    used 3204K, capacity 3348K, committed 3456K, reserved 1048576K
}

